[debug] [2022-12-15T16:43:54.318Z] ----------------------------------------------------------------------
[debug] [2022-12-15T16:43:54.319Z] Command:       /usr/local/bin/node /usr/local/bin/firebase init hosting:github
[debug] [2022-12-15T16:43:54.320Z] CLI Version:   11.18.0
[debug] [2022-12-15T16:43:54.320Z] Platform:      darwin
[debug] [2022-12-15T16:43:54.320Z] Node Version:  v16.16.0
[debug] [2022-12-15T16:43:54.321Z] Time:          Thu Dec 15 2022 17:43:54 GMT+0100 (Central European Standard Time)
[debug] [2022-12-15T16:43:54.321Z] ----------------------------------------------------------------------
[debug] 
[debug] [2022-12-15T16:43:54.389Z] > command requires scopes: ["email","openid","https://www.googleapis.com/auth/cloudplatformprojects.readonly","https://www.googleapis.com/auth/firebase","https://www.googleapis.com/auth/cloud-platform"]
[debug] [2022-12-15T16:43:54.389Z] > authorizing via signed-in user (nossulenkonikolai@gmail.com)
[info] 
     ######## #### ########  ######## ########     ###     ######  ########
     ##        ##  ##     ## ##       ##     ##  ##   ##  ##       ##
     ######    ##  ########  ######   ########  #########  ######  ######
     ##        ##  ##    ##  ##       ##     ## ##     ##       ## ##
     ##       #### ##     ## ######## ########  ##     ##  ######  ########

You're about to initialize a Firebase project in this directory:

  /Users/nn/code/KP-website

Before we get started, keep in mind:

  * You are initializing within an existing Firebase project directory

[info] 
=== Project Setup
[info] 
[info] First, let's associate this project directory with a Firebase project.
[info] You can create multiple project aliases by running firebase use --add, 
[info] but for now we'll just set up a default project.
[info] 
[debug] [2022-12-15T16:43:54.392Z] Using project from CLI flag: kaizen-group-website
[debug] [2022-12-15T16:43:54.395Z] >>> [apiv2][query] GET https://firebase.googleapis.com/v1beta1/projects/kaizen-group-website [none]
[debug] [2022-12-15T16:43:54.636Z] <<< [apiv2][status] GET https://firebase.googleapis.com/v1beta1/projects/kaizen-group-website 200
[debug] [2022-12-15T16:43:54.636Z] <<< [apiv2][body] GET https://firebase.googleapis.com/v1beta1/projects/kaizen-group-website {"projectId":"kaizen-group-website","projectNumber":"999203900373","displayName":"Kaizenconsult","name":"projects/kaizen-group-website","resources":{"hostingSite":"kaizen-group-website"},"state":"ACTIVE","etag":"1_f5b5343f-e7d2-4fe5-be2d-9bea38584eb8"}
[info] i  Using project kaizen-group-website (Kaizenconsult) 
[info] 
=== Hosting:github Setup
[info] 
[info] i  Detected a .git folder at /Users/nn/code/KP-website 
[info] i  Authorizing with GitHub to upload your service account to a GitHub repository's secrets store. 
[info] 
[info] Visit this URL on this device to log in:
[info] https://github.com/login/oauth/authorize?client_id=89cf50f02ac6aaed3484&state=129433032&redirect_uri=http%3A%2F%2Flocalhost%3A9005&scope=read%3Auser%20repo%20public_repo
[info] 
[info] Waiting for authentication...
[debug] [2022-12-15T16:43:55.427Z] >>> [apiv2][query] POST https://github.com/login/oauth/access_token [none]
[debug] [2022-12-15T16:43:55.427Z] >>> [apiv2][body] POST https://github.com/login/oauth/access_token [stream]
[debug] [2022-12-15T16:43:55.757Z] <<< [apiv2][status] POST https://github.com/login/oauth/access_token 200
[debug] [2022-12-15T16:43:55.757Z] <<< [apiv2][body] POST https://github.com/login/oauth/access_token {"access_token":"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","token_type":"bearer","scope":"read:user,repo"}
[debug] [2022-12-15T16:43:55.761Z] >>> [apiv2][query] GET https://api.github.com/user [none]
[debug] [2022-12-15T16:43:56.062Z] <<< [apiv2][status] GET https://api.github.com/user 200
[debug] [2022-12-15T16:43:56.062Z] <<< [apiv2][body] GET https://api.github.com/user {"login":"Nossulenko","id":12098675,"node_id":"MDQ6VXNlcjEyMDk4Njc1","avatar_url":"https://avatars.githubusercontent.com/u/12098675?v=4","gravatar_id":"","url":"https://api.github.com/users/Nossulenko","html_url":"https://github.com/Nossulenko","followers_url":"https://api.github.com/users/Nossulenko/followers","following_url":"https://api.github.com/users/Nossulenko/following{/other_user}","gists_url":"https://api.github.com/users/Nossulenko/gists{/gist_id}","starred_url":"https://api.github.com/users/Nossulenko/starred{/owner}{/repo}","subscriptions_url":"https://api.github.com/users/Nossulenko/subscriptions","organizations_url":"https://api.github.com/users/Nossulenko/orgs","repos_url":"https://api.github.com/users/Nossulenko/repos","events_url":"https://api.github.com/users/Nossulenko/events{/privacy}","received_events_url":"https://api.github.com/users/Nossulenko/received_events","type":"User","site_admin":false,"name":"Nikolai Nossulenko","company":null,"blog":"","location":"Belguim, Antwerp","email":"nossulenkonikolai@gmail.com","hireable":null,"bio":null,"twitter_username":null,"public_repos":13,"public_gists":0,"followers":1,"following":4,"created_at":"2015-04-24T11:41:08Z","updated_at":"2022-10-12T16:25:34Z","private_gists":0,"total_private_repos":2,"owned_private_repos":2,"disk_usage":366366,"collaborators":0,"two_factor_authentication":false,"plan":{"name":"free","space":976562499,"collaborators":0,"private_repos":10000}}
[info] 
[info] ✔  Success! Logged into GitHub as Nossulenko 
[info] 
